
SQL*Loader: Release 18.0.0.0.0 - Production on 금 1월 6 20:26:23 2023
Version 18.4.0.0.0

Copyright (c) 1982, 2019, Oracle and/or its affiliates.  All rights reserved.

제어 파일:    D:\DB\DATA_TABLE\PROJ_BOOKS.ctl
데이터 파일:    D:\DB\DATA_TABLE\PROJ_BOOKS.ldr
  파일처리 옵션 문자열: "str '{EOL}'"
  부적합한 파일:     D:\DB\DATA_TABLE\PROJ_BOOKS.bad
  폐기 파일:    지정 사항 없음
 
 (모든 폐기된 레코드 허용)

로드할 건수: ALL
생략 건수: 0
허용 오류 수: 50
바인드 배열:  250 행, 최대 1048576 바이트
계속:   1:1 = 0X23(문자 '#'), 다음의 물리 레코드 내
사용된 경로:      규약

테이블 "PROJ_BOOKS", 로드되었습니다 개개의 논리 레코드로부터
이 테이블에 적당한 Insert 옵션: APPEND
TRAILING NULLCOLS 옵션 유효

   열 이름                  위치   Len  Term Encl 데이터 유형
------------------------------ ---------- ----- ---- ---- ---------------------
"BOOK_CODE"                         FIRST     *   |  O(") CHARACTER            
                                                      O(")
"BOOK_TITLE"                         NEXT   200   |  O(") CHARACTER            
                                                      O(")
"BOOK_PRICE"                         NEXT     *   |  O(") CHARACTER            
                                                      O(")
"BOOK_AUTHOR"                        NEXT   100   |  O(") CHARACTER            
                                                      O(")
"BOOK_PUB"                           NEXT   100   |  O(") CHARACTER            
                                                      O(")
"BOOK_DATE"                          NEXT     *   |  O(") DATE YYYY-MM-DD HH24:MI:SS
                                                      O(")
"BOOK_GENRE"                         NEXT    20   |  O(") CHARACTER            
                                                      O(")
"BOOK_IMGNAME"                       NEXT    50   |  O(") CHARACTER            
                                                      O(")
L_0                                  NEXT     *   |  O(") CHARACTER            
  (FILLER FIELD)                                      O(")
"BOOK_IMAGE"                      DERIVED     *  EOF      CHARACTER            
    LOBFILE 통계.  L_0 필드에 있는 파일명
    NULL if L_0 = 0X6e756c6c(문자 'null')

테이블 "PROJ_BOOKS":
  150 행이(가) 성공적으로 로드되었습니다.
  데이터 오류 때문에 0 행이(가) 로드되지 않았습니다.
  모든 WHEN 절을 실패했기 때문에 0 행이(가) 로드되지 않았습니다.
  모든 필드가 널이기 때문에 0 행이(가) 로드되지 않았습니다.


바인드 배열에 할당된 영역:            378000바이트(250 행)
읽기 버퍼 바이트: 1048576

건너뛴 논리 레코드의 합계:          0
읽은 논리 레코드의 합계:           150
거부된 논리 레코드의 합계:         0
폐기된 논리 레코드의 합계:        0

금 1월  06 20:26:23 2023에 실행 개시
금 1월  06 20:26:23 2023에 실행 종료

경과 시간:        00:00:00.34
CPU 시간:         00:00:00.16
