
SQL*Loader: Release 18.0.0.0.0 - Production on 금 1월 6 20:26:24 2023
Version 18.4.0.0.0

Copyright (c) 1982, 2019, Oracle and/or its affiliates.  All rights reserved.

제어 파일:    D:\DB\DATA_TABLE\PROJ_SALE.ctl
데이터 파일:    D:\DB\DATA_TABLE\PROJ_SALE.ldr
  파일처리 옵션 문자열: "str '{EOL}'"
  부적합한 파일:     D:\DB\DATA_TABLE\PROJ_SALE.bad
  폐기 파일:    지정 사항 없음
 
 (모든 폐기된 레코드 허용)

로드할 건수: ALL
생략 건수: 0
허용 오류 수: 1008
바인드 배열:  250 행, 최대 1048576 바이트
계속:   1:1 = 0X23(문자 '#'), 다음의 물리 레코드 내
사용된 경로:      규약

테이블 "PROJ_SALE", 로드되었습니다 개개의 논리 레코드로부터
이 테이블에 적당한 Insert 옵션: APPEND
TRAILING NULLCOLS 옵션 유효

   열 이름                  위치   Len  Term Encl 데이터 유형
------------------------------ ---------- ----- ---- ---- ---------------------
"SALE_CODE"                         FIRST     *   |  O(") CHARACTER            
                                                      O(")
"SALE_BOOK"                          NEXT     *   |  O(") CHARACTER            
                                                      O(")
"SALE_MEM"                           NEXT    30   |  O(") CHARACTER            
                                                      O(")
"SALE_DATE"                          NEXT     *   |  O(") DATE YYYY-MM-DD HH24:MI:SS
                                                      O(")

테이블 "PROJ_SALE":
  9162 행이(가) 성공적으로 로드되었습니다.
  데이터 오류 때문에 0 행이(가) 로드되지 않았습니다.
  모든 WHEN 절을 실패했기 때문에 0 행이(가) 로드되지 않았습니다.
  모든 필드가 널이기 때문에 0 행이(가) 로드되지 않았습니다.


바인드 배열에 할당된 영역:            201500바이트(250 행)
읽기 버퍼 바이트: 1048576

건너뛴 논리 레코드의 합계:          0
읽은 논리 레코드의 합계:          9162
거부된 논리 레코드의 합계:         0
폐기된 논리 레코드의 합계:        0

금 1월  06 20:26:24 2023에 실행 개시
금 1월  06 20:26:24 2023에 실행 종료

경과 시간:        00:00:00.25
CPU 시간:         00:00:00.13
